0 info it worked if it ends with ok
1 verbose cli [ 'node', '/Users/Tom/.node/bin/npm', 'start' ]
2 info using npm@3.3.5
3 info using node@v0.12.7
4 verbose stack Error: missing script: start
4 verbose stack     at run (/Users/Tom/.node/lib/node_modules/npm/lib/run-script.js:148:19)
4 verbose stack     at /Users/Tom/.node/lib/node_modules/npm/lib/run-script.js:58:5
4 verbose stack     at /Users/Tom/.node/lib/node_modules/npm/node_modules/read-package-json/read-json.js:345:5
4 verbose stack     at checkBinReferences_ (/Users/Tom/.node/lib/node_modules/npm/node_modules/read-package-json/read-json.js:309:45)
4 verbose stack     at final (/Users/Tom/.node/lib/node_modules/npm/node_modules/read-package-json/read-json.js:343:3)
4 verbose stack     at then (/Users/Tom/.node/lib/node_modules/npm/node_modules/read-package-json/read-json.js:113:5)
4 verbose stack     at /Users/Tom/.node/lib/node_modules/npm/node_modules/read-package-json/read-json.js:300:12
4 verbose stack     at /Users/Tom/.node/lib/node_modules/npm/node_modules/graceful-fs/graceful-fs.js:76:16
4 verbose stack     at fs.js:334:14
4 verbose stack     at /Users/Tom/.node/lib/node_modules/npm/node_modules/graceful-fs/graceful-fs.js:42:10
5 verbose cwd /Users/Tom/Documents/personal/ghost-0.7.0/content/themes/attila
6 error Darwin 15.0.0
7 error argv "node" "/Users/Tom/.node/bin/npm" "start"
8 error node v0.12.7
9 error npm  v3.3.5
10 error missing script: start
11 error If you need help, you may report this error at:
11 error     <https://github.com/npm/npm/issues>
12 verbose exit [ 1, true ]
